- PublishError: ba148f3b-7e8e-4962-81fe-aad79a56e892 java-tea maven:

[message] Command failed: mvn clean source:jar javadoc:jar package deploy -Dmaven.test.skip=true


[stdout] [INFO] Scanning for projects...
[INFO] Inspecting build with total of 1 modules...
[INFO] Installing Nexus Staging features:
[INFO]   ... total of 1 executions of maven-deploy-plugin replaced with nexus-staging-maven-plugin
[INFO] 
[INFO] --------------------< com.aliyun:facebody20191230 >---------------------
[INFO] Building facebody20191230 0.0.6
[INFO] --------------------------------[ jar ]---------------------------------
Downloading from central: https://maven.aliyun.com/nexus/content/groups/public/com/aliyun/openplatform20191219/0.0.1/openplatform20191219-0.0.1.pom
Downloading from publicCentral: https://repo1.maven.org/maven2/com/aliyun/openplatform20191219/0.0.1/openplatform20191219-0.0.1.pom
[WARNING] The POM for com.aliyun:openplatform20191219:jar:0.0.1 is missing, no dependency information available
Downloading from central: https://maven.aliyun.com/nexus/content/groups/public/com/aliyun/openplatform20191219/0.0.1/openplatform20191219-0.0.1.jar
Downloading from central: https://maven.aliyun.com/nexus/content/groups/public/com/aliyun/tea-util/0.1.11/tea-util-0.1.11.jar
Downloading from central: https://maven.aliyun.com/nexus/content/groups/public/com/aliyun/tea/0.1.6/tea-0.1.6.jar
Downloaded from central: https://maven.aliyun.com/nexus/content/groups/public/com/aliyun/tea/0.1.6/tea-0.1.6.jar (0 B at 0 B/s)
Progress (1): 2.3/8.2 kBProgress (1): 5.1/8.2 kBProgress (1): 7.9/8.2 kBProgress (1): 8.2 kB                        Downloaded from central: https://maven.aliyun.com/nexus/content/groups/public/com/aliyun/tea-util/0.1.11/tea-util-0.1.11.jar (8.2 kB at 8.1 kB/s)
Downloading from publicCentral: https://repo1.maven.org/maven2/com/aliyun/openplatform20191219/0.0.1/openplatform20191219-0.0.1.jar
[INFO] ------------------------------------------------------------------------
[INFO] BUILD FAILURE
[INFO] ------------------------------------------------------------------------
[INFO] Total time:  12.864 s
[INFO] Finished at: 2020-07-02T14:09:36+08:00
[INFO] ------------------------------------------------------------------------
[ERROR] Failed to execute goal on project facebody20191230: Could not resolve dependencies for project com.aliyun:facebody20191230:jar:0.0.6: Could not find artifact com.aliyun:openplatform20191219:jar:0.0.1 in central (https://maven.aliyun.com/nexus/content/groups/public/) -> [Help 1]
[ERROR] 
[ERROR] To see the full stack trace of the errors, re-run Maven with the -e switch.
[ERROR] Re-run Maven using the -X switch to enable full debug logging.
[ERROR] 
[ERROR] For more information about the errors and possible solutions, please read the following articles:
[ERROR] [Help 1] http://cwiki.apache.org/confluence/display/MAVEN/DependencyResolutionException


[stderr] 

-----------------

- PublishError: ba148f3b-7e8e-4962-81fe-aad79a56e892 java-tea oss:

[message] Command failed: mvn package


[stdout] [INFO] Scanning for projects...
[INFO] Inspecting build with total of 1 modules...
[INFO] Installing Nexus Staging features:
[INFO]   ... total of 1 executions of maven-deploy-plugin replaced with nexus-staging-maven-plugin
[INFO] 
[INFO] --------------------< com.aliyun:facebody20191230 >---------------------
[INFO] Building facebody20191230 0.0.6
[INFO] --------------------------------[ jar ]---------------------------------
Downloading from central: https://maven.aliyun.com/nexus/content/groups/public/com/aliyun/openplatform20191219/0.0.1/openplatform20191219-0.0.1.pom
Downloading from publicCentral: https://repo1.maven.org/maven2/com/aliyun/openplatform20191219/0.0.1/openplatform20191219-0.0.1.pom
[WARNING] The POM for com.aliyun:openplatform20191219:jar:0.0.1 is missing, no dependency information available
Downloading from central: https://maven.aliyun.com/nexus/content/groups/public/com/aliyun/openplatform20191219/0.0.1/openplatform20191219-0.0.1.jar
Downloading from central: https://maven.aliyun.com/nexus/content/groups/public/com/aliyun/tea-util/0.1.11/tea-util-0.1.11.jar
Downloading from central: https://maven.aliyun.com/nexus/content/groups/public/com/aliyun/tea/0.1.6/tea-0.1.6.jar
Progress (1): 2.3/8.2 kBProgress (1): 5.1/8.2 kBProgress (1): 7.9/8.2 kBProgress (1): 8.2 kB    Progress (2): 8.2 kB | 2.3/28 kBProgress (2): 8.2 kB | 5.1/28 kBProgress (2): 8.2 kB | 7.9/28 kBProgress (2): 8.2 kB | 11/28 kB Progress (2): 8.2 kB | 14/28 kBProgress (2): 8.2 kB | 16/28 kBProgress (2): 8.2 kB | 19/28 kBProgress (2): 8.2 kB | 22/28 kBProgress (2): 8.2 kB | 25/28 kBProgress (2): 8.2 kB | 28/28 kBProgress (2): 8.2 kB | 28 kB                               Downloaded from central: https://maven.aliyun.com/nexus/content/groups/public/com/aliyun/tea-util/0.1.11/tea-util-0.1.11.jar (8.2 kB at 7.1 kB/s)
Downloaded from central: https://maven.aliyun.com/nexus/content/groups/public/com/aliyun/tea/0.1.6/tea-0.1.6.jar (28 kB at 24 kB/s)
Downloading from publicCentral: https://repo1.maven.org/maven2/com/aliyun/openplatform20191219/0.0.1/openplatform20191219-0.0.1.jar
[INFO] ------------------------------------------------------------------------
[INFO] BUILD FAILURE
[INFO] ------------------------------------------------------------------------
[INFO] Total time:  13.730 s
[INFO] Finished at: 2020-07-02T14:09:36+08:00
[INFO] ------------------------------------------------------------------------
[ERROR] Failed to execute goal on project facebody20191230: Could not resolve dependencies for project com.aliyun:facebody20191230:jar:0.0.6: Could not find artifact com.aliyun:openplatform20191219:jar:0.0.1 in central (https://maven.aliyun.com/nexus/content/groups/public/) -> [Help 1]
[ERROR] 
[ERROR] To see the full stack trace of the errors, re-run Maven with the -e switch.
[ERROR] Re-run Maven using the -X switch to enable full debug logging.
[ERROR] 
[ERROR] For more information about the errors and possible solutions, please read the following articles:
[ERROR] [Help 1] http://cwiki.apache.org/confluence/display/MAVEN/DependencyResolutionException


[stderr] 

-----------------

